2024-09-01 15:49:23 INFO  Log:11 - =====================================verifyLogo TEST START=========================================
2024-09-01 15:49:23 INFO  Log:15 - =====================================verifyLogo TEST END=========================================
2024-09-01 15:49:26 INFO  Log:11 - =====================================verifyLogo TEST START=========================================
2024-09-01 15:49:26 INFO  Log:22 - checking Title
2024-09-01 15:49:26 INFO  Log:15 - =====================================verifyLogo TEST END=========================================
2024-09-01 15:51:54 INFO  Log:11 - =====================================verifyLogo TEST START=========================================
2024-09-01 15:51:55 INFO  Log:15 - =====================================verifyLogo TEST END=========================================
2024-09-01 15:51:58 INFO  Log:11 - =====================================verifyTitle TEST START=========================================
2024-09-01 15:51:58 INFO  Log:22 - checking Title
2024-09-01 15:51:58 INFO  Log:15 - =====================================verifyTitle TEST END=========================================
2024-09-01 15:52:39 INFO  Log:11 - ===================================== verifyLogo TEST START =========================================
2024-09-01 15:52:39 INFO  Log:15 - ===================================== verifyLogo TEST END =========================================
2024-09-01 15:52:42 INFO  Log:11 - ===================================== verifyTitle TEST START =========================================
2024-09-01 15:52:42 INFO  Log:22 - checking Title
2024-09-01 15:52:42 INFO  Log:15 - ===================================== verifyTitle TEST END =========================================
2024-09-01 17:14:02 INFO  Log:11 - ===================================== loginTest TEST START =========================================
2024-09-01 17:14:02 INFO  Log:22 - user is going to click on SignIn
2024-09-01 17:14:03 INFO  Log:22 - Enter Username and Password
2024-09-01 17:14:06 INFO  Log:22 - Verifying if user is able to login
2024-09-01 17:14:09 INFO  Log:11 - ===================================== loginTest TEST START =========================================
2024-09-01 17:14:09 INFO  Log:22 - user is going to click on SignIn
2024-09-01 17:14:09 INFO  Log:22 - Enter Username and Password
2024-09-01 17:14:12 INFO  Log:22 - Verifying if user is able to login
2024-09-01 17:16:17 INFO  Log:11 - ===================================== loginTest TEST START =========================================
2024-09-01 17:16:17 INFO  Log:22 - user is going to click on SignIn
2024-09-01 17:16:17 INFO  Log:22 - clickin on: [[ChromeDriver: chrome on WINDOWS (511903a62d27963ab497102e99c5e9b8)] -> xpath: //a[@class='login']]
2024-09-01 17:16:17 INFO  Log:22 - Enter Username and Password
2024-09-01 17:16:20 INFO  Log:22 - Verifying if user is able to login
2024-09-01 17:16:23 INFO  Log:11 - ===================================== loginTest TEST START =========================================
2024-09-01 17:16:23 INFO  Log:22 - user is going to click on SignIn
2024-09-01 17:16:23 INFO  Log:22 - clickin on: [[ChromeDriver: chrome on WINDOWS (7a4de1bf5dd6dc801b66c654d04ffc64)] -> xpath: //a[@class='login']]
2024-09-01 17:16:23 INFO  Log:22 - Enter Username and Password
2024-09-01 17:16:26 INFO  Log:22 - Verifying if user is able to login
2024-09-01 17:17:09 INFO  Log:11 - ===================================== loginTest TEST START =========================================
2024-09-01 17:17:09 INFO  Log:22 - user is going to click on SignIn
2024-09-01 17:17:10 INFO  Log:22 - clickin on: Sign in
2024-09-01 17:17:10 INFO  Log:22 - Enter Username and Password
2024-09-01 17:17:12 INFO  Log:22 - Verifying if user is able to login
2024-09-01 17:17:15 INFO  Log:11 - ===================================== loginTest TEST START =========================================
2024-09-01 17:17:15 INFO  Log:22 - user is going to click on SignIn
2024-09-01 17:17:16 INFO  Log:22 - clickin on: Sign in
2024-09-01 17:17:16 INFO  Log:22 - Enter Username and Password
2024-09-01 17:17:18 INFO  Log:22 - Verifying if user is able to login
2024-09-01 17:18:18 INFO  Log:11 - ===================================== loginTest TEST START =========================================
2024-09-01 17:18:19 INFO  Log:22 - user is going to click on SignIn
2024-09-01 17:18:19 INFO  Log:22 - element: Sign in is displayed
2024-09-01 17:18:19 INFO  Log:22 - clickin on: Sign in
2024-09-01 17:18:19 INFO  Log:22 - Enter Username and Password
2024-09-01 17:18:22 INFO  Log:22 - Verifying if user is able to login
2024-09-01 17:18:25 INFO  Log:11 - ===================================== loginTest TEST START =========================================
2024-09-01 17:18:25 INFO  Log:22 - user is going to click on SignIn
2024-09-01 17:18:25 INFO  Log:22 - element: Sign in is displayed
2024-09-01 17:18:26 INFO  Log:22 - clickin on: Sign in
2024-09-01 17:18:26 INFO  Log:22 - Enter Username and Password
2024-09-01 17:18:29 INFO  Log:22 - Verifying if user is able to login
2024-09-01 21:37:58 INFO  Log:11 - ===================================== loginTest TEST START =========================================
2024-09-01 21:37:58 INFO  Log:22 - user is going to click on SignIn
2024-09-01 21:37:59 INFO  Log:22 - element: Sign in is displayed
2024-09-01 21:38:00 INFO  Log:22 - clickin on: Sign in
2024-09-01 21:38:00 INFO  Log:22 - Enter Username and Password
2024-09-01 21:38:03 INFO  Log:22 - Verifying if user is able to login
2024-09-01 21:38:06 INFO  Log:11 - ===================================== loginTest TEST START =========================================
2024-09-01 21:38:06 INFO  Log:22 - user is going to click on SignIn
2024-09-01 21:38:06 INFO  Log:22 - element: Sign in is displayed
2024-09-01 21:38:07 INFO  Log:22 - clickin on: Sign in
2024-09-01 21:38:07 INFO  Log:22 - Enter Username and Password
2024-09-01 21:38:09 INFO  Log:22 - Verifying if user is able to login
2024-09-01 21:38:13 INFO  Log:11 - ===================================== verifyLogo TEST START =========================================
2024-09-01 21:38:13 INFO  Log:22 - element:  is displayed
2024-09-01 21:38:14 INFO  Log:22 - clickin on: 
2024-09-01 21:38:14 INFO  Log:15 - ===================================== verifyLogo TEST END =========================================
2024-09-01 21:38:16 INFO  Log:11 - ===================================== verifyTitle TEST START =========================================
2024-09-01 21:38:16 INFO  Log:22 - checking Title
2024-09-01 21:38:16 INFO  Log:15 - ===================================== verifyTitle TEST END =========================================
2024-09-01 21:39:04 INFO  Log:11 - ===================================== loginTest TEST START =========================================
2024-09-01 21:39:04 INFO  Log:22 - user is going to click on SignIn
2024-09-01 21:39:04 INFO  Log:22 - element: Sign in is displayed
2024-09-01 21:39:05 INFO  Log:22 - clickin on: Sign in
2024-09-01 21:39:05 INFO  Log:22 - Enter Username and Password
2024-09-01 21:39:08 INFO  Log:22 - Verifying if user is able to login
2024-09-01 21:39:11 INFO  Log:11 - ===================================== loginTest TEST START =========================================
2024-09-01 21:39:11 INFO  Log:22 - user is going to click on SignIn
2024-09-01 21:39:11 INFO  Log:22 - element: Sign in is displayed
2024-09-01 21:39:12 INFO  Log:22 - clickin on: Sign in
2024-09-01 21:39:12 INFO  Log:22 - Enter Username and Password
2024-09-01 21:39:15 INFO  Log:22 - Verifying if user is able to login
2024-09-01 21:39:18 INFO  Log:11 - ===================================== verifyLogo TEST START =========================================
2024-09-01 21:39:18 INFO  Log:22 - element:  is displayed
2024-09-01 21:39:18 INFO  Log:22 - clickin on: 
2024-09-01 21:39:18 INFO  Log:15 - ===================================== verifyLogo TEST END =========================================
2024-09-01 21:39:21 INFO  Log:11 - ===================================== verifyTitle TEST START =========================================
2024-09-01 21:39:21 INFO  Log:22 - checking Title
2024-09-01 21:39:21 INFO  Log:15 - ===================================== verifyTitle TEST END =========================================
2024-09-01 21:54:24 INFO  Log:11 - ===================================== loginTest TEST START =========================================
2024-09-01 21:54:24 INFO  Log:22 - user is going to click on SignIn
2024-09-01 21:54:24 INFO  Log:22 - element: Sign in is displayed
2024-09-01 21:54:25 INFO  Log:22 - clickin on: Sign in
2024-09-01 21:54:25 INFO  Log:22 - Enter Username and Password
2024-09-01 21:54:27 INFO  Log:22 - Verifying if user is able to login
2024-09-01 21:54:34 INFO  Log:11 - ===================================== verifyLogo TEST START =========================================
2024-09-01 21:54:34 INFO  Log:22 - element:  is displayed
2024-09-01 21:54:34 INFO  Log:22 - clickin on: 
2024-09-01 21:54:34 INFO  Log:15 - ===================================== verifyLogo TEST END =========================================
2024-09-01 21:54:39 INFO  Log:11 - ===================================== verifyTitle TEST START =========================================
2024-09-01 21:54:39 INFO  Log:22 - checking Title
2024-09-01 21:54:39 INFO  Log:15 - ===================================== verifyTitle TEST END =========================================
2024-09-01 21:56:27 INFO  Log:11 - ===================================== loginTest TEST START =========================================
2024-09-01 21:56:27 INFO  Log:22 - user is going to click on SignIn
2024-09-01 21:56:27 INFO  Log:22 - element: Sign in is displayed
2024-09-01 21:56:28 INFO  Log:22 - clickin on: Sign in
2024-09-01 21:56:28 INFO  Log:22 - Enter Username and Password
2024-09-01 21:56:30 INFO  Log:22 - Verifying if user is able to login
2024-09-01 21:56:35 INFO  Log:11 - ===================================== verifyLogo TEST START =========================================
2024-09-01 21:56:35 INFO  Log:22 - element:  is displayed
2024-09-01 21:56:35 INFO  Log:22 - clickin on: 
2024-09-01 21:56:35 INFO  Log:15 - ===================================== verifyLogo TEST END =========================================
2024-09-01 21:56:40 INFO  Log:11 - ===================================== verifyTitle TEST START =========================================
2024-09-01 21:56:40 INFO  Log:22 - checking Title
2024-09-01 21:56:40 INFO  Log:15 - ===================================== verifyTitle TEST END =========================================
2024-09-01 21:59:56 INFO  Log:11 - ===================================== loginTest TEST START =========================================
2024-09-01 21:59:56 INFO  Log:22 - user is going to click on SignIn
2024-09-01 21:59:56 INFO  Log:22 - element: Sign in is displayed
2024-09-01 21:59:57 INFO  Log:22 - clickin on: Sign in
2024-09-01 21:59:57 INFO  Log:22 - Enter Username and Password
2024-09-01 22:00:00 INFO  Log:11 - ===================================== verifyLogo TEST START =========================================
2024-09-01 22:00:00 INFO  Log:22 - element:  is displayed
2024-09-01 22:00:00 INFO  Log:22 - Verifying if user is able to login
2024-09-01 22:00:01 INFO  Log:22 - clickin on: 
2024-09-01 22:00:01 INFO  Log:15 - ===================================== verifyLogo TEST END =========================================
2024-09-01 22:00:07 INFO  Log:11 - ===================================== verifyTitle TEST START =========================================
2024-09-01 22:00:07 INFO  Log:22 - checking Title
2024-09-01 22:00:07 INFO  Log:15 - ===================================== verifyTitle TEST END =========================================
2024-09-01 22:00:53 INFO  Log:11 - ===================================== loginTest TEST START =========================================
2024-09-01 22:00:53 INFO  Log:22 - user is going to click on SignIn
2024-09-01 22:00:53 INFO  Log:22 - element: Sign in is displayed
2024-09-01 22:00:54 INFO  Log:22 - clickin on: Sign in
2024-09-01 22:00:54 INFO  Log:22 - Enter Username and Password
2024-09-01 22:00:55 INFO  Log:11 - ===================================== verifyLogo TEST START =========================================
2024-09-01 22:00:56 INFO  Log:22 - element:  is displayed
2024-09-01 22:00:56 INFO  Log:22 - clickin on: 
2024-09-01 22:00:56 INFO  Log:15 - ===================================== verifyLogo TEST END =========================================
2024-09-01 22:00:57 INFO  Log:22 - Verifying if user is able to login
2024-09-01 22:01:01 INFO  Log:11 - ===================================== verifyTitle TEST START =========================================
2024-09-01 22:01:01 INFO  Log:22 - checking Title
2024-09-01 22:01:01 INFO  Log:15 - ===================================== verifyTitle TEST END =========================================
2024-09-01 22:01:16 INFO  Log:11 - ===================================== loginTest TEST START =========================================
2024-09-01 22:01:16 INFO  Log:22 - user is going to click on SignIn
2024-09-01 22:01:17 INFO  Log:22 - element: Sign in is displayed
2024-09-01 22:01:18 INFO  Log:22 - clickin on: Sign in
2024-09-01 22:01:18 INFO  Log:22 - Enter Username and Password
2024-09-01 22:01:21 INFO  Log:22 - Verifying if user is able to login
2024-09-01 22:01:22 INFO  Log:11 - ===================================== verifyLogo TEST START =========================================
2024-09-01 22:01:22 INFO  Log:22 - element:  is displayed
2024-09-01 22:01:23 INFO  Log:22 - clickin on: 
2024-09-01 22:01:23 INFO  Log:15 - ===================================== verifyLogo TEST END =========================================
2024-09-01 22:01:29 INFO  Log:11 - ===================================== verifyTitle TEST START =========================================
2024-09-01 22:01:29 INFO  Log:22 - checking Title
2024-09-01 22:01:29 INFO  Log:15 - ===================================== verifyTitle TEST END =========================================
2024-09-01 22:03:03 INFO  Log:11 - ===================================== loginTest TEST START =========================================
2024-09-01 22:03:03 INFO  Log:22 - user is going to click on SignIn
2024-09-01 22:03:03 INFO  Log:22 - element: Sign in is displayed
2024-09-01 22:03:04 INFO  Log:22 - clickin on: Sign in
2024-09-01 22:03:04 INFO  Log:22 - Enter Username and Password
2024-09-01 22:03:07 INFO  Log:11 - ===================================== verifyLogo TEST START =========================================
2024-09-01 22:03:07 INFO  Log:22 - Verifying if user is able to login
2024-09-01 22:03:08 INFO  Log:22 - element:  is displayed
2024-09-01 22:03:08 INFO  Log:22 - clickin on: 
2024-09-01 22:03:08 INFO  Log:15 - ===================================== verifyLogo TEST END =========================================
2024-09-01 22:03:15 INFO  Log:11 - ===================================== verifyTitle TEST START =========================================
2024-09-01 22:03:15 INFO  Log:22 - checking Title
2024-09-01 22:03:15 INFO  Log:15 - ===================================== verifyTitle TEST END =========================================
2024-09-01 22:04:54 INFO  Log:11 - ===================================== loginTest TEST START =========================================
2024-09-01 22:04:54 INFO  Log:22 - user is going to click on SignIn
2024-09-01 22:04:54 INFO  Log:22 - element: Sign in is displayed
2024-09-01 22:04:55 INFO  Log:22 - clickin on: Sign in
2024-09-01 22:04:55 INFO  Log:22 - Enter Username and Password
2024-09-01 22:04:58 INFO  Log:11 - ===================================== verifyLogo TEST START =========================================
2024-09-01 22:04:58 INFO  Log:22 - element:  is displayed
2024-09-01 22:04:58 INFO  Log:22 - clickin on: 
2024-09-01 22:04:58 INFO  Log:15 - ===================================== verifyLogo TEST END =========================================
2024-09-01 22:04:58 INFO  Log:22 - Verifying if user is able to login
2024-09-01 22:05:03 INFO  Log:11 - ===================================== loginTest TEST START =========================================
2024-09-01 22:05:03 INFO  Log:22 - user is going to click on SignIn
2024-09-01 22:05:03 INFO  Log:22 - element: Sign in is displayed
2024-09-01 22:05:04 INFO  Log:22 - clickin on: Sign in
2024-09-01 22:05:04 INFO  Log:22 - Enter Username and Password
2024-09-01 22:05:07 INFO  Log:11 - ===================================== verifyTitle TEST START =========================================
2024-09-01 22:05:07 INFO  Log:22 - checking Title
2024-09-01 22:05:07 INFO  Log:15 - ===================================== verifyTitle TEST END =========================================
2024-09-01 22:05:07 INFO  Log:22 - Verifying if user is able to login
2024-09-01 22:05:11 INFO  Log:11 - ===================================== verifyLogo TEST START =========================================
2024-09-01 22:05:11 INFO  Log:22 - element:  is displayed
2024-09-01 22:05:12 INFO  Log:22 - clickin on: 
2024-09-01 22:05:12 INFO  Log:15 - ===================================== verifyLogo TEST END =========================================
2024-09-01 22:05:15 INFO  Log:11 - ===================================== verifyTitle TEST START =========================================
2024-09-01 22:05:15 INFO  Log:22 - checking Title
2024-09-01 22:05:15 INFO  Log:15 - ===================================== verifyTitle TEST END =========================================
2024-09-01 22:05:48 INFO  Log:11 - ===================================== verifyLogo TEST START =========================================
2024-09-01 22:05:48 INFO  Log:22 - element:  is displayed
2024-09-01 22:05:49 INFO  Log:11 - ===================================== verifyLogo TEST START =========================================
2024-09-01 22:05:49 INFO  Log:22 - element:  is displayed
2024-09-01 22:05:49 INFO  Log:22 - clickin on: 
2024-09-01 22:05:49 INFO  Log:15 - ===================================== verifyLogo TEST END =========================================
2024-09-01 22:05:50 INFO  Log:22 - clickin on: 
2024-09-01 22:05:50 INFO  Log:15 - ===================================== verifyLogo TEST END =========================================
2024-09-01 22:05:54 INFO  Log:11 - ===================================== verifyLogo TEST START =========================================
2024-09-01 22:05:54 INFO  Log:22 - element:  is displayed
2024-09-01 22:05:54 INFO  Log:11 - ===================================== verifyTitle TEST START =========================================
2024-09-01 22:05:54 INFO  Log:22 - checking Title
2024-09-01 22:05:54 INFO  Log:15 - ===================================== verifyTitle TEST END =========================================
2024-09-01 22:05:54 INFO  Log:22 - clickin on: 
2024-09-01 22:05:54 INFO  Log:15 - ===================================== verifyLogo TEST END =========================================
2024-09-01 22:05:55 INFO  Log:11 - ===================================== verifyTitle TEST START =========================================
2024-09-01 22:05:55 INFO  Log:22 - checking Title
2024-09-01 22:05:55 INFO  Log:15 - ===================================== verifyTitle TEST END =========================================
2024-09-01 22:06:00 INFO  Log:11 - ===================================== verifyTitle TEST START =========================================
2024-09-01 22:06:00 INFO  Log:22 - checking Title
2024-09-01 22:06:00 INFO  Log:15 - ===================================== verifyTitle TEST END =========================================
2024-09-01 22:07:51 INFO  Log:11 - ===================================== verifyLogo TEST START =========================================
2024-09-01 22:07:52 INFO  Log:11 - ===================================== verifyLogo TEST START =========================================
2024-09-01 22:07:52 INFO  Log:22 - element:  is displayed
2024-09-01 22:07:52 INFO  Log:22 - element:  is displayed
2024-09-01 22:07:52 INFO  Log:22 - clickin on: 
2024-09-01 22:07:52 INFO  Log:15 - ===================================== verifyLogo TEST END =========================================
2024-09-01 22:07:53 INFO  Log:22 - clickin on: 
2024-09-01 22:07:53 INFO  Log:15 - ===================================== verifyLogo TEST END =========================================
2024-09-01 22:07:56 INFO  Log:11 - ===================================== verifyTitle TEST START =========================================
2024-09-01 22:07:56 INFO  Log:22 - checking Title
2024-09-01 22:07:56 INFO  Log:15 - ===================================== verifyTitle TEST END =========================================
2024-09-01 22:07:56 INFO  Log:11 - ===================================== verifyLogo TEST START =========================================
2024-09-01 22:07:56 INFO  Log:22 - element:  is displayed
2024-09-01 22:07:56 INFO  Log:11 - ===================================== verifyTitle TEST START =========================================
2024-09-01 22:07:56 INFO  Log:22 - checking Title
2024-09-01 22:07:56 INFO  Log:15 - ===================================== verifyTitle TEST END =========================================
2024-09-01 22:07:57 INFO  Log:22 - clickin on: 
2024-09-01 22:07:57 INFO  Log:15 - ===================================== verifyLogo TEST END =========================================
2024-09-01 22:08:02 INFO  Log:11 - ===================================== verifyTitle TEST START =========================================
2024-09-01 22:08:02 INFO  Log:22 - checking Title
2024-09-01 22:08:02 INFO  Log:15 - ===================================== verifyTitle TEST END =========================================
2024-09-01 22:08:57 INFO  Log:11 - ===================================== verifyLogo TEST START =========================================
2024-09-01 22:08:57 INFO  Log:11 - ===================================== verifyLogo TEST START =========================================
2024-09-01 22:08:57 INFO  Log:22 - element:  is displayed
2024-09-01 22:08:57 INFO  Log:22 - element:  is displayed
2024-09-01 22:08:58 INFO  Log:22 - clickin on: 
2024-09-01 22:08:58 INFO  Log:15 - ===================================== verifyLogo TEST END =========================================
2024-09-01 22:08:58 INFO  Log:22 - clickin on: 
2024-09-01 22:08:58 INFO  Log:15 - ===================================== verifyLogo TEST END =========================================
2024-09-01 22:09:02 INFO  Log:11 - ===================================== verifyLogo TEST START =========================================
2024-09-01 22:09:02 INFO  Log:11 - ===================================== verifyTitle TEST START =========================================
2024-09-01 22:09:02 INFO  Log:22 - checking Title
2024-09-01 22:09:02 INFO  Log:15 - ===================================== verifyTitle TEST END =========================================
2024-09-01 22:09:02 INFO  Log:11 - ===================================== verifyTitle TEST START =========================================
2024-09-01 22:09:02 INFO  Log:22 - element:  is displayed
2024-09-01 22:09:02 INFO  Log:22 - checking Title
2024-09-01 22:09:02 INFO  Log:15 - ===================================== verifyTitle TEST END =========================================
2024-09-01 22:09:02 INFO  Log:22 - clickin on: 
2024-09-01 22:09:02 INFO  Log:15 - ===================================== verifyLogo TEST END =========================================
2024-09-01 22:09:08 INFO  Log:11 - ===================================== verifyTitle TEST START =========================================
2024-09-01 22:09:08 INFO  Log:22 - checking Title
2024-09-01 22:09:08 INFO  Log:15 - ===================================== verifyTitle TEST END =========================================
2024-09-02 17:08:16 INFO  Log:11 - ===================================== verifyLogo TEST START =========================================
2024-09-02 17:08:16 INFO  Log:11 - ===================================== verifyLogo TEST START =========================================
2024-09-02 17:08:16 INFO  Log:22 - element:  is displayed
2024-09-02 17:08:16 INFO  Log:22 - element:  is displayed
2024-09-02 17:08:17 INFO  Log:22 - clickin on: 
2024-09-02 17:08:17 INFO  Log:15 - ===================================== verifyLogo TEST END =========================================
2024-09-02 17:08:17 INFO  Log:22 - clickin on: 
2024-09-02 17:08:17 INFO  Log:15 - ===================================== verifyLogo TEST END =========================================
2024-09-02 17:08:20 INFO  Log:11 - ===================================== verifyTitle TEST START =========================================
2024-09-02 17:08:20 INFO  Log:11 - ===================================== verifyLogo TEST START =========================================
2024-09-02 17:08:20 INFO  Log:22 - element:  is displayed
2024-09-02 17:08:20 INFO  Log:22 - checking Title
2024-09-02 17:08:20 INFO  Log:15 - ===================================== verifyTitle TEST END =========================================
2024-09-02 17:08:20 INFO  Log:22 - clickin on: 
2024-09-02 17:08:20 INFO  Log:15 - ===================================== verifyLogo TEST END =========================================
2024-09-02 17:08:21 INFO  Log:11 - ===================================== verifyTitle TEST START =========================================
2024-09-02 17:08:21 INFO  Log:22 - checking Title
2024-09-02 17:08:21 INFO  Log:15 - ===================================== verifyTitle TEST END =========================================
2024-09-02 17:08:26 INFO  Log:11 - ===================================== verifyTitle TEST START =========================================
2024-09-02 17:08:26 INFO  Log:22 - checking Title
2024-09-02 17:08:26 INFO  Log:15 - ===================================== verifyTitle TEST END =========================================
2024-09-02 17:08:27 DEBUG cache:45 - Couldn't find template in cache for "v3html/v3-html-index.ftl"("en", UTF-8, parsed); will try to load it.
2024-09-02 17:08:27 DEBUG cache:45 - TemplateLoader.findTemplateSource("v3html/v3-html-index_en.ftl"): Not found
2024-09-02 17:08:27 DEBUG cache:45 - TemplateLoader.findTemplateSource("v3html/v3-html-index.ftl"): Found
2024-09-02 17:08:27 DEBUG cache:45 - Loading template for "v3html/v3-html-index.ftl"("en", UTF-8, parsed) from "jar:file:/C:/Users/telve/.m2/repository/com/aventstack/extentreports/4.0.9/extentreports-4.0.9.jar!/com/aventstack/extentreports/view/v3html/v3-html-index.ftl"
2024-09-02 17:08:27 DEBUG cache:45 - Couldn't find template in cache for "v3html/v3-html-head.ftl"("en", UTF-8, parsed); will try to load it.
2024-09-02 17:08:27 DEBUG cache:45 - TemplateLoader.findTemplateSource("v3html/v3-html-head_en.ftl"): Not found
2024-09-02 17:08:27 DEBUG cache:45 - TemplateLoader.findTemplateSource("v3html/v3-html-head.ftl"): Found
2024-09-02 17:08:27 DEBUG cache:45 - Loading template for "v3html/v3-html-head.ftl"("en", UTF-8, parsed) from "jar:file:/C:/Users/telve/.m2/repository/com/aventstack/extentreports/4.0.9/extentreports-4.0.9.jar!/com/aventstack/extentreports/view/v3html/v3-html-head.ftl"
2024-09-02 17:08:27 DEBUG cache:45 - Couldn't find template in cache for "v3html/v3-html-nav.ftl"("en", UTF-8, parsed); will try to load it.
2024-09-02 17:08:27 DEBUG cache:45 - TemplateLoader.findTemplateSource("v3html/v3-html-nav_en.ftl"): Not found
2024-09-02 17:08:27 DEBUG cache:45 - TemplateLoader.findTemplateSource("v3html/v3-html-nav.ftl"): Found
2024-09-02 17:08:27 DEBUG cache:45 - Loading template for "v3html/v3-html-nav.ftl"("en", UTF-8, parsed) from "jar:file:/C:/Users/telve/.m2/repository/com/aventstack/extentreports/4.0.9/extentreports-4.0.9.jar!/com/aventstack/extentreports/view/v3html/v3-html-nav.ftl"
2024-09-02 17:08:27 DEBUG cache:45 - Couldn't find template in cache for "v3html/test-view/v3-html-test-view.ftl"("en", UTF-8, parsed); will try to load it.
2024-09-02 17:08:27 DEBUG cache:45 - TemplateLoader.findTemplateSource("v3html/test-view/v3-html-test-view_en.ftl"): Not found
2024-09-02 17:08:27 DEBUG cache:45 - TemplateLoader.findTemplateSource("v3html/test-view/v3-html-test-view.ftl"): Found
2024-09-02 17:08:27 DEBUG cache:45 - Loading template for "v3html/test-view/v3-html-test-view.ftl"("en", UTF-8, parsed) from "jar:file:/C:/Users/telve/.m2/repository/com/aventstack/extentreports/4.0.9/extentreports-4.0.9.jar!/com/aventstack/extentreports/view/v3html/test-view/v3-html-test-view.ftl"
2024-09-02 17:08:27 DEBUG cache:45 - Couldn't find template in cache for "v3html/test-view/v3-html-test-view-charts.ftl"("en", UTF-8, parsed); will try to load it.
2024-09-02 17:08:27 DEBUG cache:45 - TemplateLoader.findTemplateSource("v3html/test-view/v3-html-test-view-charts_en.ftl"): Not found
2024-09-02 17:08:27 DEBUG cache:45 - TemplateLoader.findTemplateSource("v3html/test-view/v3-html-test-view-charts.ftl"): Found
2024-09-02 17:08:27 DEBUG cache:45 - Loading template for "v3html/test-view/v3-html-test-view-charts.ftl"("en", UTF-8, parsed) from "jar:file:/C:/Users/telve/.m2/repository/com/aventstack/extentreports/4.0.9/extentreports-4.0.9.jar!/com/aventstack/extentreports/view/v3html/test-view/v3-html-test-view-charts.ftl"
2024-09-02 17:08:27 DEBUG cache:45 - Couldn't find template in cache for "v3html/test-view/v3-html-standard.ftl"("en", UTF-8, parsed); will try to load it.
2024-09-02 17:08:27 DEBUG cache:45 - TemplateLoader.findTemplateSource("v3html/test-view/v3-html-standard_en.ftl"): Not found
2024-09-02 17:08:27 DEBUG cache:45 - TemplateLoader.findTemplateSource("v3html/test-view/v3-html-standard.ftl"): Found
2024-09-02 17:08:27 DEBUG cache:45 - Loading template for "v3html/test-view/v3-html-standard.ftl"("en", UTF-8, parsed) from "jar:file:/C:/Users/telve/.m2/repository/com/aventstack/extentreports/4.0.9/extentreports-4.0.9.jar!/com/aventstack/extentreports/view/v3html/test-view/v3-html-standard.ftl"
2024-09-02 17:08:27 DEBUG cache:45 - "v3html/test-view/v3-html-standard.ftl"("en", UTF-8, parsed) cached copy not yet stale; using cached.
2024-09-02 17:08:27 DEBUG cache:45 - "v3html/test-view/v3-html-standard.ftl"("en", UTF-8, parsed) cached copy not yet stale; using cached.
2024-09-02 17:08:27 DEBUG cache:45 - "v3html/test-view/v3-html-standard.ftl"("en", UTF-8, parsed) cached copy not yet stale; using cached.
2024-09-02 17:08:27 DEBUG cache:45 - "v3html/test-view/v3-html-standard.ftl"("en", UTF-8, parsed) cached copy not yet stale; using cached.
2024-09-02 17:08:27 DEBUG cache:45 - "v3html/test-view/v3-html-standard.ftl"("en", UTF-8, parsed) cached copy not yet stale; using cached.
2024-09-02 17:08:27 DEBUG cache:45 - Couldn't find template in cache for "v3html/category-view/v3-html-category-view.ftl"("en", UTF-8, parsed); will try to load it.
2024-09-02 17:08:27 DEBUG cache:45 - TemplateLoader.findTemplateSource("v3html/category-view/v3-html-category-view_en.ftl"): Not found
2024-09-02 17:08:27 DEBUG cache:45 - TemplateLoader.findTemplateSource("v3html/category-view/v3-html-category-view.ftl"): Found
2024-09-02 17:08:27 DEBUG cache:45 - Loading template for "v3html/category-view/v3-html-category-view.ftl"("en", UTF-8, parsed) from "jar:file:/C:/Users/telve/.m2/repository/com/aventstack/extentreports/4.0.9/extentreports-4.0.9.jar!/com/aventstack/extentreports/view/v3html/category-view/v3-html-category-view.ftl"
2024-09-02 17:08:27 DEBUG cache:45 - Couldn't find template in cache for "v3html/exception-view/v3-html-exception-view.ftl"("en", UTF-8, parsed); will try to load it.
2024-09-02 17:08:27 DEBUG cache:45 - TemplateLoader.findTemplateSource("v3html/exception-view/v3-html-exception-view_en.ftl"): Not found
2024-09-02 17:08:27 DEBUG cache:45 - TemplateLoader.findTemplateSource("v3html/exception-view/v3-html-exception-view.ftl"): Found
2024-09-02 17:08:27 DEBUG cache:45 - Loading template for "v3html/exception-view/v3-html-exception-view.ftl"("en", UTF-8, parsed) from "jar:file:/C:/Users/telve/.m2/repository/com/aventstack/extentreports/4.0.9/extentreports-4.0.9.jar!/com/aventstack/extentreports/view/v3html/exception-view/v3-html-exception-view.ftl"
2024-09-02 17:08:28 DEBUG cache:45 - Couldn't find template in cache for "v3html/author-view/v3-html-author-view.ftl"("en", UTF-8, parsed); will try to load it.
2024-09-02 17:08:28 DEBUG cache:45 - TemplateLoader.findTemplateSource("v3html/author-view/v3-html-author-view_en.ftl"): Not found
2024-09-02 17:08:28 DEBUG cache:45 - TemplateLoader.findTemplateSource("v3html/author-view/v3-html-author-view.ftl"): Found
2024-09-02 17:08:28 DEBUG cache:45 - Loading template for "v3html/author-view/v3-html-author-view.ftl"("en", UTF-8, parsed) from "jar:file:/C:/Users/telve/.m2/repository/com/aventstack/extentreports/4.0.9/extentreports-4.0.9.jar!/com/aventstack/extentreports/view/v3html/author-view/v3-html-author-view.ftl"
2024-09-02 17:08:28 DEBUG cache:45 - Couldn't find template in cache for "v3html/dashboard-view/v3-html-dashboard-view.ftl"("en", UTF-8, parsed); will try to load it.
2024-09-02 17:08:28 DEBUG cache:45 - TemplateLoader.findTemplateSource("v3html/dashboard-view/v3-html-dashboard-view_en.ftl"): Not found
2024-09-02 17:08:28 DEBUG cache:45 - TemplateLoader.findTemplateSource("v3html/dashboard-view/v3-html-dashboard-view.ftl"): Found
2024-09-02 17:08:28 DEBUG cache:45 - Loading template for "v3html/dashboard-view/v3-html-dashboard-view.ftl"("en", UTF-8, parsed) from "jar:file:/C:/Users/telve/.m2/repository/com/aventstack/extentreports/4.0.9/extentreports-4.0.9.jar!/com/aventstack/extentreports/view/v3html/dashboard-view/v3-html-dashboard-view.ftl"
2024-09-02 17:08:28 DEBUG cache:45 - Couldn't find template in cache for "v3html/logs-view/v3-html-testrunner-logs-view.ftl"("en", UTF-8, parsed); will try to load it.
2024-09-02 17:08:28 DEBUG cache:45 - TemplateLoader.findTemplateSource("v3html/logs-view/v3-html-testrunner-logs-view_en.ftl"): Not found
2024-09-02 17:08:28 DEBUG cache:45 - TemplateLoader.findTemplateSource("v3html/logs-view/v3-html-testrunner-logs-view.ftl"): Found
2024-09-02 17:08:28 DEBUG cache:45 - Loading template for "v3html/logs-view/v3-html-testrunner-logs-view.ftl"("en", UTF-8, parsed) from "jar:file:/C:/Users/telve/.m2/repository/com/aventstack/extentreports/4.0.9/extentreports-4.0.9.jar!/com/aventstack/extentreports/view/v3html/logs-view/v3-html-testrunner-logs-view.ftl"
2024-09-02 17:11:06 INFO  Log:11 - ===================================== verifyLogo TEST START =========================================
2024-09-02 17:11:06 INFO  Log:11 - ===================================== verifyLogo TEST START =========================================
2024-09-02 17:11:06 INFO  Log:22 - element:  is displayed
2024-09-02 17:11:06 INFO  Log:22 - element:  is displayed
2024-09-02 17:11:07 INFO  Log:22 - clickin on: 
2024-09-02 17:11:07 INFO  Log:15 - ===================================== verifyLogo TEST END =========================================
2024-09-02 17:11:07 INFO  Log:22 - clickin on: 
2024-09-02 17:11:07 INFO  Log:15 - ===================================== verifyLogo TEST END =========================================
2024-09-02 17:11:10 INFO  Log:11 - ===================================== verifyLogo TEST START =========================================
2024-09-02 17:11:10 INFO  Log:22 - element:  is displayed
2024-09-02 17:11:11 INFO  Log:11 - ===================================== verifyTitle TEST START =========================================
2024-09-02 17:11:11 INFO  Log:22 - clickin on: 
2024-09-02 17:11:11 INFO  Log:15 - ===================================== verifyLogo TEST END =========================================
2024-09-02 17:11:11 INFO  Log:22 - checking Title
2024-09-02 17:11:11 INFO  Log:15 - ===================================== verifyTitle TEST END =========================================
2024-09-02 17:11:11 INFO  Log:11 - ===================================== verifyTitle TEST START =========================================
2024-09-02 17:11:11 INFO  Log:22 - checking Title
2024-09-02 17:11:11 INFO  Log:15 - ===================================== verifyTitle TEST END =========================================
2024-09-02 17:11:16 INFO  Log:11 - ===================================== verifyTitle TEST START =========================================
2024-09-02 17:11:16 INFO  Log:22 - checking Title
2024-09-02 17:11:16 INFO  Log:15 - ===================================== verifyTitle TEST END =========================================
2024-09-02 17:11:17 DEBUG cache:45 - Couldn't find template in cache for "v3html/v3-html-index.ftl"("en", UTF-8, parsed); will try to load it.
2024-09-02 17:11:17 DEBUG cache:45 - TemplateLoader.findTemplateSource("v3html/v3-html-index_en.ftl"): Not found
2024-09-02 17:11:17 DEBUG cache:45 - TemplateLoader.findTemplateSource("v3html/v3-html-index.ftl"): Found
2024-09-02 17:11:17 DEBUG cache:45 - Loading template for "v3html/v3-html-index.ftl"("en", UTF-8, parsed) from "jar:file:/C:/Users/telve/.m2/repository/com/aventstack/extentreports/4.0.9/extentreports-4.0.9.jar!/com/aventstack/extentreports/view/v3html/v3-html-index.ftl"
2024-09-02 17:11:17 DEBUG cache:45 - Couldn't find template in cache for "v3html/v3-html-head.ftl"("en", UTF-8, parsed); will try to load it.
2024-09-02 17:11:17 DEBUG cache:45 - TemplateLoader.findTemplateSource("v3html/v3-html-head_en.ftl"): Not found
2024-09-02 17:11:17 DEBUG cache:45 - TemplateLoader.findTemplateSource("v3html/v3-html-head.ftl"): Found
2024-09-02 17:11:17 DEBUG cache:45 - Loading template for "v3html/v3-html-head.ftl"("en", UTF-8, parsed) from "jar:file:/C:/Users/telve/.m2/repository/com/aventstack/extentreports/4.0.9/extentreports-4.0.9.jar!/com/aventstack/extentreports/view/v3html/v3-html-head.ftl"
2024-09-02 17:11:17 DEBUG cache:45 - Couldn't find template in cache for "v3html/v3-html-nav.ftl"("en", UTF-8, parsed); will try to load it.
2024-09-02 17:11:17 DEBUG cache:45 - TemplateLoader.findTemplateSource("v3html/v3-html-nav_en.ftl"): Not found
2024-09-02 17:11:17 DEBUG cache:45 - TemplateLoader.findTemplateSource("v3html/v3-html-nav.ftl"): Found
2024-09-02 17:11:17 DEBUG cache:45 - Loading template for "v3html/v3-html-nav.ftl"("en", UTF-8, parsed) from "jar:file:/C:/Users/telve/.m2/repository/com/aventstack/extentreports/4.0.9/extentreports-4.0.9.jar!/com/aventstack/extentreports/view/v3html/v3-html-nav.ftl"
2024-09-02 17:11:17 DEBUG cache:45 - Couldn't find template in cache for "v3html/test-view/v3-html-test-view.ftl"("en", UTF-8, parsed); will try to load it.
2024-09-02 17:11:17 DEBUG cache:45 - TemplateLoader.findTemplateSource("v3html/test-view/v3-html-test-view_en.ftl"): Not found
2024-09-02 17:11:17 DEBUG cache:45 - TemplateLoader.findTemplateSource("v3html/test-view/v3-html-test-view.ftl"): Found
2024-09-02 17:11:17 DEBUG cache:45 - Loading template for "v3html/test-view/v3-html-test-view.ftl"("en", UTF-8, parsed) from "jar:file:/C:/Users/telve/.m2/repository/com/aventstack/extentreports/4.0.9/extentreports-4.0.9.jar!/com/aventstack/extentreports/view/v3html/test-view/v3-html-test-view.ftl"
2024-09-02 17:11:17 DEBUG cache:45 - Couldn't find template in cache for "v3html/test-view/v3-html-test-view-charts.ftl"("en", UTF-8, parsed); will try to load it.
2024-09-02 17:11:17 DEBUG cache:45 - TemplateLoader.findTemplateSource("v3html/test-view/v3-html-test-view-charts_en.ftl"): Not found
2024-09-02 17:11:17 DEBUG cache:45 - TemplateLoader.findTemplateSource("v3html/test-view/v3-html-test-view-charts.ftl"): Found
2024-09-02 17:11:17 DEBUG cache:45 - Loading template for "v3html/test-view/v3-html-test-view-charts.ftl"("en", UTF-8, parsed) from "jar:file:/C:/Users/telve/.m2/repository/com/aventstack/extentreports/4.0.9/extentreports-4.0.9.jar!/com/aventstack/extentreports/view/v3html/test-view/v3-html-test-view-charts.ftl"
2024-09-02 17:11:17 DEBUG cache:45 - Couldn't find template in cache for "v3html/test-view/v3-html-standard.ftl"("en", UTF-8, parsed); will try to load it.
2024-09-02 17:11:17 DEBUG cache:45 - TemplateLoader.findTemplateSource("v3html/test-view/v3-html-standard_en.ftl"): Not found
2024-09-02 17:11:17 DEBUG cache:45 - TemplateLoader.findTemplateSource("v3html/test-view/v3-html-standard.ftl"): Found
2024-09-02 17:11:17 DEBUG cache:45 - Loading template for "v3html/test-view/v3-html-standard.ftl"("en", UTF-8, parsed) from "jar:file:/C:/Users/telve/.m2/repository/com/aventstack/extentreports/4.0.9/extentreports-4.0.9.jar!/com/aventstack/extentreports/view/v3html/test-view/v3-html-standard.ftl"
2024-09-02 17:11:17 DEBUG cache:45 - "v3html/test-view/v3-html-standard.ftl"("en", UTF-8, parsed) cached copy not yet stale; using cached.
2024-09-02 17:11:17 DEBUG cache:45 - "v3html/test-view/v3-html-standard.ftl"("en", UTF-8, parsed) cached copy not yet stale; using cached.
2024-09-02 17:11:17 DEBUG cache:45 - "v3html/test-view/v3-html-standard.ftl"("en", UTF-8, parsed) cached copy not yet stale; using cached.
2024-09-02 17:11:17 DEBUG cache:45 - "v3html/test-view/v3-html-standard.ftl"("en", UTF-8, parsed) cached copy not yet stale; using cached.
2024-09-02 17:11:17 DEBUG cache:45 - "v3html/test-view/v3-html-standard.ftl"("en", UTF-8, parsed) cached copy not yet stale; using cached.
2024-09-02 17:11:17 DEBUG cache:45 - Couldn't find template in cache for "v3html/category-view/v3-html-category-view.ftl"("en", UTF-8, parsed); will try to load it.
2024-09-02 17:11:17 DEBUG cache:45 - TemplateLoader.findTemplateSource("v3html/category-view/v3-html-category-view_en.ftl"): Not found
2024-09-02 17:11:17 DEBUG cache:45 - TemplateLoader.findTemplateSource("v3html/category-view/v3-html-category-view.ftl"): Found
2024-09-02 17:11:17 DEBUG cache:45 - Loading template for "v3html/category-view/v3-html-category-view.ftl"("en", UTF-8, parsed) from "jar:file:/C:/Users/telve/.m2/repository/com/aventstack/extentreports/4.0.9/extentreports-4.0.9.jar!/com/aventstack/extentreports/view/v3html/category-view/v3-html-category-view.ftl"
2024-09-02 17:11:17 DEBUG cache:45 - Couldn't find template in cache for "v3html/exception-view/v3-html-exception-view.ftl"("en", UTF-8, parsed); will try to load it.
2024-09-02 17:11:17 DEBUG cache:45 - TemplateLoader.findTemplateSource("v3html/exception-view/v3-html-exception-view_en.ftl"): Not found
2024-09-02 17:11:17 DEBUG cache:45 - TemplateLoader.findTemplateSource("v3html/exception-view/v3-html-exception-view.ftl"): Found
2024-09-02 17:11:17 DEBUG cache:45 - Loading template for "v3html/exception-view/v3-html-exception-view.ftl"("en", UTF-8, parsed) from "jar:file:/C:/Users/telve/.m2/repository/com/aventstack/extentreports/4.0.9/extentreports-4.0.9.jar!/com/aventstack/extentreports/view/v3html/exception-view/v3-html-exception-view.ftl"
2024-09-02 17:11:17 DEBUG cache:45 - Couldn't find template in cache for "v3html/author-view/v3-html-author-view.ftl"("en", UTF-8, parsed); will try to load it.
2024-09-02 17:11:17 DEBUG cache:45 - TemplateLoader.findTemplateSource("v3html/author-view/v3-html-author-view_en.ftl"): Not found
2024-09-02 17:11:17 DEBUG cache:45 - TemplateLoader.findTemplateSource("v3html/author-view/v3-html-author-view.ftl"): Found
2024-09-02 17:11:17 DEBUG cache:45 - Loading template for "v3html/author-view/v3-html-author-view.ftl"("en", UTF-8, parsed) from "jar:file:/C:/Users/telve/.m2/repository/com/aventstack/extentreports/4.0.9/extentreports-4.0.9.jar!/com/aventstack/extentreports/view/v3html/author-view/v3-html-author-view.ftl"
2024-09-02 17:11:17 DEBUG cache:45 - Couldn't find template in cache for "v3html/dashboard-view/v3-html-dashboard-view.ftl"("en", UTF-8, parsed); will try to load it.
2024-09-02 17:11:17 DEBUG cache:45 - TemplateLoader.findTemplateSource("v3html/dashboard-view/v3-html-dashboard-view_en.ftl"): Not found
2024-09-02 17:11:17 DEBUG cache:45 - TemplateLoader.findTemplateSource("v3html/dashboard-view/v3-html-dashboard-view.ftl"): Found
2024-09-02 17:11:17 DEBUG cache:45 - Loading template for "v3html/dashboard-view/v3-html-dashboard-view.ftl"("en", UTF-8, parsed) from "jar:file:/C:/Users/telve/.m2/repository/com/aventstack/extentreports/4.0.9/extentreports-4.0.9.jar!/com/aventstack/extentreports/view/v3html/dashboard-view/v3-html-dashboard-view.ftl"
2024-09-02 17:11:17 DEBUG cache:45 - Couldn't find template in cache for "v3html/logs-view/v3-html-testrunner-logs-view.ftl"("en", UTF-8, parsed); will try to load it.
2024-09-02 17:11:17 DEBUG cache:45 - TemplateLoader.findTemplateSource("v3html/logs-view/v3-html-testrunner-logs-view_en.ftl"): Not found
2024-09-02 17:11:17 DEBUG cache:45 - TemplateLoader.findTemplateSource("v3html/logs-view/v3-html-testrunner-logs-view.ftl"): Found
2024-09-02 17:11:17 DEBUG cache:45 - Loading template for "v3html/logs-view/v3-html-testrunner-logs-view.ftl"("en", UTF-8, parsed) from "jar:file:/C:/Users/telve/.m2/repository/com/aventstack/extentreports/4.0.9/extentreports-4.0.9.jar!/com/aventstack/extentreports/view/v3html/logs-view/v3-html-testrunner-logs-view.ftl"
2024-09-02 17:12:48 INFO  Log:11 - ===================================== verifyLogo TEST START =========================================
2024-09-02 17:12:48 INFO  Log:11 - ===================================== verifyLogo TEST START =========================================
2024-09-02 17:12:48 INFO  Log:22 - element:  is displayed
2024-09-02 17:12:48 INFO  Log:22 - element:  is displayed
2024-09-02 17:12:49 INFO  Log:22 - clickin on: 
2024-09-02 17:12:49 INFO  Log:15 - ===================================== verifyLogo TEST END =========================================
2024-09-02 17:12:49 INFO  Log:22 - clickin on: 
2024-09-02 17:12:49 INFO  Log:15 - ===================================== verifyLogo TEST END =========================================
2024-09-02 17:12:52 INFO  Log:11 - ===================================== loginTest TEST START =========================================
2024-09-02 17:12:52 INFO  Log:22 - user is going to click on SignIn
2024-09-02 17:12:52 INFO  Log:22 - element: Sign in is displayed
2024-09-02 17:12:52 INFO  Log:11 - ===================================== verifyTitle TEST START =========================================
2024-09-02 17:12:52 INFO  Log:22 - checking Title
2024-09-02 17:12:52 INFO  Log:15 - ===================================== verifyTitle TEST END =========================================
2024-09-02 17:12:52 INFO  Log:22 - clickin on: Sign in
2024-09-02 17:12:52 INFO  Log:22 - Enter Username and Password
2024-09-02 17:12:52 INFO  Log:11 - ===================================== verifyTitle TEST START =========================================
2024-09-02 17:12:52 INFO  Log:22 - checking Title
2024-09-02 17:12:52 INFO  Log:15 - ===================================== verifyTitle TEST END =========================================
2024-09-02 17:12:55 INFO  Log:22 - Verifying if user is able to login
2024-09-02 17:12:56 DEBUG cache:45 - Couldn't find template in cache for "v3html/v3-html-index.ftl"("en", UTF-8, parsed); will try to load it.
2024-09-02 17:12:56 DEBUG cache:45 - TemplateLoader.findTemplateSource("v3html/v3-html-index_en.ftl"): Not found
2024-09-02 17:12:56 DEBUG cache:45 - TemplateLoader.findTemplateSource("v3html/v3-html-index.ftl"): Found
2024-09-02 17:12:56 DEBUG cache:45 - Loading template for "v3html/v3-html-index.ftl"("en", UTF-8, parsed) from "jar:file:/C:/Users/telve/.m2/repository/com/aventstack/extentreports/4.0.9/extentreports-4.0.9.jar!/com/aventstack/extentreports/view/v3html/v3-html-index.ftl"
2024-09-02 17:12:56 DEBUG cache:45 - Couldn't find template in cache for "v3html/v3-html-head.ftl"("en", UTF-8, parsed); will try to load it.
2024-09-02 17:12:56 DEBUG cache:45 - TemplateLoader.findTemplateSource("v3html/v3-html-head_en.ftl"): Not found
2024-09-02 17:12:56 DEBUG cache:45 - TemplateLoader.findTemplateSource("v3html/v3-html-head.ftl"): Found
2024-09-02 17:12:56 DEBUG cache:45 - Loading template for "v3html/v3-html-head.ftl"("en", UTF-8, parsed) from "jar:file:/C:/Users/telve/.m2/repository/com/aventstack/extentreports/4.0.9/extentreports-4.0.9.jar!/com/aventstack/extentreports/view/v3html/v3-html-head.ftl"
2024-09-02 17:12:56 DEBUG cache:45 - Couldn't find template in cache for "v3html/v3-html-nav.ftl"("en", UTF-8, parsed); will try to load it.
2024-09-02 17:12:56 DEBUG cache:45 - TemplateLoader.findTemplateSource("v3html/v3-html-nav_en.ftl"): Not found
2024-09-02 17:12:56 DEBUG cache:45 - TemplateLoader.findTemplateSource("v3html/v3-html-nav.ftl"): Found
2024-09-02 17:12:56 DEBUG cache:45 - Loading template for "v3html/v3-html-nav.ftl"("en", UTF-8, parsed) from "jar:file:/C:/Users/telve/.m2/repository/com/aventstack/extentreports/4.0.9/extentreports-4.0.9.jar!/com/aventstack/extentreports/view/v3html/v3-html-nav.ftl"
2024-09-02 17:12:56 DEBUG cache:45 - Couldn't find template in cache for "v3html/test-view/v3-html-test-view.ftl"("en", UTF-8, parsed); will try to load it.
2024-09-02 17:12:56 DEBUG cache:45 - TemplateLoader.findTemplateSource("v3html/test-view/v3-html-test-view_en.ftl"): Not found
2024-09-02 17:12:56 DEBUG cache:45 - TemplateLoader.findTemplateSource("v3html/test-view/v3-html-test-view.ftl"): Found
2024-09-02 17:12:56 DEBUG cache:45 - Loading template for "v3html/test-view/v3-html-test-view.ftl"("en", UTF-8, parsed) from "jar:file:/C:/Users/telve/.m2/repository/com/aventstack/extentreports/4.0.9/extentreports-4.0.9.jar!/com/aventstack/extentreports/view/v3html/test-view/v3-html-test-view.ftl"
2024-09-02 17:12:56 DEBUG cache:45 - Couldn't find template in cache for "v3html/test-view/v3-html-test-view-charts.ftl"("en", UTF-8, parsed); will try to load it.
2024-09-02 17:12:56 DEBUG cache:45 - TemplateLoader.findTemplateSource("v3html/test-view/v3-html-test-view-charts_en.ftl"): Not found
2024-09-02 17:12:56 DEBUG cache:45 - TemplateLoader.findTemplateSource("v3html/test-view/v3-html-test-view-charts.ftl"): Found
2024-09-02 17:12:56 DEBUG cache:45 - Loading template for "v3html/test-view/v3-html-test-view-charts.ftl"("en", UTF-8, parsed) from "jar:file:/C:/Users/telve/.m2/repository/com/aventstack/extentreports/4.0.9/extentreports-4.0.9.jar!/com/aventstack/extentreports/view/v3html/test-view/v3-html-test-view-charts.ftl"
2024-09-02 17:12:56 DEBUG cache:45 - Couldn't find template in cache for "v3html/test-view/v3-html-standard.ftl"("en", UTF-8, parsed); will try to load it.
2024-09-02 17:12:56 DEBUG cache:45 - TemplateLoader.findTemplateSource("v3html/test-view/v3-html-standard_en.ftl"): Not found
2024-09-02 17:12:56 DEBUG cache:45 - TemplateLoader.findTemplateSource("v3html/test-view/v3-html-standard.ftl"): Found
2024-09-02 17:12:56 DEBUG cache:45 - Loading template for "v3html/test-view/v3-html-standard.ftl"("en", UTF-8, parsed) from "jar:file:/C:/Users/telve/.m2/repository/com/aventstack/extentreports/4.0.9/extentreports-4.0.9.jar!/com/aventstack/extentreports/view/v3html/test-view/v3-html-standard.ftl"
2024-09-02 17:12:56 DEBUG cache:45 - "v3html/test-view/v3-html-standard.ftl"("en", UTF-8, parsed) cached copy not yet stale; using cached.
2024-09-02 17:12:56 DEBUG cache:45 - "v3html/test-view/v3-html-standard.ftl"("en", UTF-8, parsed) cached copy not yet stale; using cached.
2024-09-02 17:12:56 DEBUG cache:45 - "v3html/test-view/v3-html-standard.ftl"("en", UTF-8, parsed) cached copy not yet stale; using cached.
2024-09-02 17:12:56 DEBUG cache:45 - "v3html/test-view/v3-html-standard.ftl"("en", UTF-8, parsed) cached copy not yet stale; using cached.
2024-09-02 17:12:56 DEBUG cache:45 - Couldn't find template in cache for "v3html/category-view/v3-html-category-view.ftl"("en", UTF-8, parsed); will try to load it.
2024-09-02 17:12:56 DEBUG cache:45 - TemplateLoader.findTemplateSource("v3html/category-view/v3-html-category-view_en.ftl"): Not found
2024-09-02 17:12:56 DEBUG cache:45 - TemplateLoader.findTemplateSource("v3html/category-view/v3-html-category-view.ftl"): Found
2024-09-02 17:12:56 DEBUG cache:45 - Loading template for "v3html/category-view/v3-html-category-view.ftl"("en", UTF-8, parsed) from "jar:file:/C:/Users/telve/.m2/repository/com/aventstack/extentreports/4.0.9/extentreports-4.0.9.jar!/com/aventstack/extentreports/view/v3html/category-view/v3-html-category-view.ftl"
2024-09-02 17:12:56 DEBUG cache:45 - Couldn't find template in cache for "v3html/exception-view/v3-html-exception-view.ftl"("en", UTF-8, parsed); will try to load it.
2024-09-02 17:12:56 DEBUG cache:45 - TemplateLoader.findTemplateSource("v3html/exception-view/v3-html-exception-view_en.ftl"): Not found
2024-09-02 17:12:56 DEBUG cache:45 - TemplateLoader.findTemplateSource("v3html/exception-view/v3-html-exception-view.ftl"): Found
2024-09-02 17:12:56 DEBUG cache:45 - Loading template for "v3html/exception-view/v3-html-exception-view.ftl"("en", UTF-8, parsed) from "jar:file:/C:/Users/telve/.m2/repository/com/aventstack/extentreports/4.0.9/extentreports-4.0.9.jar!/com/aventstack/extentreports/view/v3html/exception-view/v3-html-exception-view.ftl"
2024-09-02 17:12:56 DEBUG cache:45 - Couldn't find template in cache for "v3html/author-view/v3-html-author-view.ftl"("en", UTF-8, parsed); will try to load it.
2024-09-02 17:12:56 DEBUG cache:45 - TemplateLoader.findTemplateSource("v3html/author-view/v3-html-author-view_en.ftl"): Not found
2024-09-02 17:12:56 DEBUG cache:45 - TemplateLoader.findTemplateSource("v3html/author-view/v3-html-author-view.ftl"): Found
2024-09-02 17:12:56 DEBUG cache:45 - Loading template for "v3html/author-view/v3-html-author-view.ftl"("en", UTF-8, parsed) from "jar:file:/C:/Users/telve/.m2/repository/com/aventstack/extentreports/4.0.9/extentreports-4.0.9.jar!/com/aventstack/extentreports/view/v3html/author-view/v3-html-author-view.ftl"
2024-09-02 17:12:56 DEBUG cache:45 - Couldn't find template in cache for "v3html/dashboard-view/v3-html-dashboard-view.ftl"("en", UTF-8, parsed); will try to load it.
2024-09-02 17:12:56 DEBUG cache:45 - TemplateLoader.findTemplateSource("v3html/dashboard-view/v3-html-dashboard-view_en.ftl"): Not found
2024-09-02 17:12:56 DEBUG cache:45 - TemplateLoader.findTemplateSource("v3html/dashboard-view/v3-html-dashboard-view.ftl"): Found
2024-09-02 17:12:56 DEBUG cache:45 - Loading template for "v3html/dashboard-view/v3-html-dashboard-view.ftl"("en", UTF-8, parsed) from "jar:file:/C:/Users/telve/.m2/repository/com/aventstack/extentreports/4.0.9/extentreports-4.0.9.jar!/com/aventstack/extentreports/view/v3html/dashboard-view/v3-html-dashboard-view.ftl"
2024-09-02 17:12:56 DEBUG cache:45 - Couldn't find template in cache for "v3html/logs-view/v3-html-testrunner-logs-view.ftl"("en", UTF-8, parsed); will try to load it.
2024-09-02 17:12:56 DEBUG cache:45 - TemplateLoader.findTemplateSource("v3html/logs-view/v3-html-testrunner-logs-view_en.ftl"): Not found
2024-09-02 17:12:56 DEBUG cache:45 - TemplateLoader.findTemplateSource("v3html/logs-view/v3-html-testrunner-logs-view.ftl"): Found
2024-09-02 17:12:56 DEBUG cache:45 - Loading template for "v3html/logs-view/v3-html-testrunner-logs-view.ftl"("en", UTF-8, parsed) from "jar:file:/C:/Users/telve/.m2/repository/com/aventstack/extentreports/4.0.9/extentreports-4.0.9.jar!/com/aventstack/extentreports/view/v3html/logs-view/v3-html-testrunner-logs-view.ftl"
2024-09-02 17:19:34 INFO  Log:11 - ===================================== verifyLogo TEST START =========================================
2024-09-02 17:19:35 INFO  Log:11 - ===================================== verifyLogo TEST START =========================================
2024-09-02 17:19:35 INFO  Log:22 - element:  is displayed
2024-09-02 17:19:35 INFO  Log:22 - element:  is displayed
2024-09-02 17:19:36 INFO  Log:22 - clickin on: 
2024-09-02 17:19:36 INFO  Log:15 - ===================================== verifyLogo TEST END =========================================
2024-09-02 17:19:36 INFO  Log:22 - clickin on: 
2024-09-02 17:19:36 INFO  Log:15 - ===================================== verifyLogo TEST END =========================================
2024-09-02 17:19:39 INFO  Log:11 - ===================================== loginTest TEST START =========================================
2024-09-02 17:19:39 INFO  Log:22 - user is going to click on SignIn
2024-09-02 17:19:39 INFO  Log:22 - element: Sign in is displayed
2024-09-02 17:19:39 INFO  Log:11 - ===================================== verifyTitle TEST START =========================================
2024-09-02 17:19:39 INFO  Log:22 - checking Title
2024-09-02 17:19:39 INFO  Log:15 - ===================================== verifyTitle TEST END =========================================
2024-09-02 17:19:39 INFO  Log:22 - clickin on: Sign in
2024-09-02 17:19:39 INFO  Log:22 - Enter Username and Password
2024-09-02 17:19:39 INFO  Log:11 - ===================================== verifyTitle TEST START =========================================
2024-09-02 17:19:39 INFO  Log:22 - checking Title
2024-09-02 17:19:39 INFO  Log:15 - ===================================== verifyTitle TEST END =========================================
2024-09-02 17:19:50 DEBUG cache:45 - Couldn't find template in cache for "v3html/v3-html-index.ftl"("en", UTF-8, parsed); will try to load it.
2024-09-02 17:19:50 DEBUG cache:45 - TemplateLoader.findTemplateSource("v3html/v3-html-index_en.ftl"): Not found
2024-09-02 17:19:50 DEBUG cache:45 - TemplateLoader.findTemplateSource("v3html/v3-html-index.ftl"): Found
2024-09-02 17:19:50 DEBUG cache:45 - Loading template for "v3html/v3-html-index.ftl"("en", UTF-8, parsed) from "jar:file:/C:/Users/telve/.m2/repository/com/aventstack/extentreports/4.0.9/extentreports-4.0.9.jar!/com/aventstack/extentreports/view/v3html/v3-html-index.ftl"
2024-09-02 17:19:50 DEBUG cache:45 - Couldn't find template in cache for "v3html/v3-html-head.ftl"("en", UTF-8, parsed); will try to load it.
2024-09-02 17:19:50 DEBUG cache:45 - TemplateLoader.findTemplateSource("v3html/v3-html-head_en.ftl"): Not found
2024-09-02 17:19:50 DEBUG cache:45 - TemplateLoader.findTemplateSource("v3html/v3-html-head.ftl"): Found
2024-09-02 17:19:50 DEBUG cache:45 - Loading template for "v3html/v3-html-head.ftl"("en", UTF-8, parsed) from "jar:file:/C:/Users/telve/.m2/repository/com/aventstack/extentreports/4.0.9/extentreports-4.0.9.jar!/com/aventstack/extentreports/view/v3html/v3-html-head.ftl"
2024-09-02 17:19:50 DEBUG cache:45 - Couldn't find template in cache for "v3html/v3-html-nav.ftl"("en", UTF-8, parsed); will try to load it.
2024-09-02 17:19:50 DEBUG cache:45 - TemplateLoader.findTemplateSource("v3html/v3-html-nav_en.ftl"): Not found
2024-09-02 17:19:50 DEBUG cache:45 - TemplateLoader.findTemplateSource("v3html/v3-html-nav.ftl"): Found
2024-09-02 17:19:50 DEBUG cache:45 - Loading template for "v3html/v3-html-nav.ftl"("en", UTF-8, parsed) from "jar:file:/C:/Users/telve/.m2/repository/com/aventstack/extentreports/4.0.9/extentreports-4.0.9.jar!/com/aventstack/extentreports/view/v3html/v3-html-nav.ftl"
2024-09-02 17:19:50 DEBUG cache:45 - Couldn't find template in cache for "v3html/test-view/v3-html-test-view.ftl"("en", UTF-8, parsed); will try to load it.
2024-09-02 17:19:50 DEBUG cache:45 - TemplateLoader.findTemplateSource("v3html/test-view/v3-html-test-view_en.ftl"): Not found
2024-09-02 17:19:50 DEBUG cache:45 - TemplateLoader.findTemplateSource("v3html/test-view/v3-html-test-view.ftl"): Found
2024-09-02 17:19:50 DEBUG cache:45 - Loading template for "v3html/test-view/v3-html-test-view.ftl"("en", UTF-8, parsed) from "jar:file:/C:/Users/telve/.m2/repository/com/aventstack/extentreports/4.0.9/extentreports-4.0.9.jar!/com/aventstack/extentreports/view/v3html/test-view/v3-html-test-view.ftl"
2024-09-02 17:19:50 DEBUG cache:45 - Couldn't find template in cache for "v3html/test-view/v3-html-test-view-charts.ftl"("en", UTF-8, parsed); will try to load it.
2024-09-02 17:19:50 DEBUG cache:45 - TemplateLoader.findTemplateSource("v3html/test-view/v3-html-test-view-charts_en.ftl"): Not found
2024-09-02 17:19:50 DEBUG cache:45 - TemplateLoader.findTemplateSource("v3html/test-view/v3-html-test-view-charts.ftl"): Found
2024-09-02 17:19:50 DEBUG cache:45 - Loading template for "v3html/test-view/v3-html-test-view-charts.ftl"("en", UTF-8, parsed) from "jar:file:/C:/Users/telve/.m2/repository/com/aventstack/extentreports/4.0.9/extentreports-4.0.9.jar!/com/aventstack/extentreports/view/v3html/test-view/v3-html-test-view-charts.ftl"
2024-09-02 17:19:50 DEBUG cache:45 - Couldn't find template in cache for "v3html/test-view/v3-html-standard.ftl"("en", UTF-8, parsed); will try to load it.
2024-09-02 17:19:50 DEBUG cache:45 - TemplateLoader.findTemplateSource("v3html/test-view/v3-html-standard_en.ftl"): Not found
2024-09-02 17:19:50 DEBUG cache:45 - TemplateLoader.findTemplateSource("v3html/test-view/v3-html-standard.ftl"): Found
2024-09-02 17:19:50 DEBUG cache:45 - Loading template for "v3html/test-view/v3-html-standard.ftl"("en", UTF-8, parsed) from "jar:file:/C:/Users/telve/.m2/repository/com/aventstack/extentreports/4.0.9/extentreports-4.0.9.jar!/com/aventstack/extentreports/view/v3html/test-view/v3-html-standard.ftl"
2024-09-02 17:19:50 DEBUG cache:45 - "v3html/test-view/v3-html-standard.ftl"("en", UTF-8, parsed) cached copy not yet stale; using cached.
2024-09-02 17:19:50 DEBUG cache:45 - "v3html/test-view/v3-html-standard.ftl"("en", UTF-8, parsed) cached copy not yet stale; using cached.
2024-09-02 17:19:50 DEBUG cache:45 - "v3html/test-view/v3-html-standard.ftl"("en", UTF-8, parsed) cached copy not yet stale; using cached.
2024-09-02 17:19:50 DEBUG cache:45 - "v3html/test-view/v3-html-standard.ftl"("en", UTF-8, parsed) cached copy not yet stale; using cached.
2024-09-02 17:19:50 DEBUG cache:45 - Couldn't find template in cache for "v3html/category-view/v3-html-category-view.ftl"("en", UTF-8, parsed); will try to load it.
2024-09-02 17:19:50 DEBUG cache:45 - TemplateLoader.findTemplateSource("v3html/category-view/v3-html-category-view_en.ftl"): Not found
2024-09-02 17:19:50 DEBUG cache:45 - TemplateLoader.findTemplateSource("v3html/category-view/v3-html-category-view.ftl"): Found
2024-09-02 17:19:50 DEBUG cache:45 - Loading template for "v3html/category-view/v3-html-category-view.ftl"("en", UTF-8, parsed) from "jar:file:/C:/Users/telve/.m2/repository/com/aventstack/extentreports/4.0.9/extentreports-4.0.9.jar!/com/aventstack/extentreports/view/v3html/category-view/v3-html-category-view.ftl"
2024-09-02 17:19:50 DEBUG cache:45 - Couldn't find template in cache for "v3html/exception-view/v3-html-exception-view.ftl"("en", UTF-8, parsed); will try to load it.
2024-09-02 17:19:50 DEBUG cache:45 - TemplateLoader.findTemplateSource("v3html/exception-view/v3-html-exception-view_en.ftl"): Not found
2024-09-02 17:19:50 DEBUG cache:45 - TemplateLoader.findTemplateSource("v3html/exception-view/v3-html-exception-view.ftl"): Found
2024-09-02 17:19:50 DEBUG cache:45 - Loading template for "v3html/exception-view/v3-html-exception-view.ftl"("en", UTF-8, parsed) from "jar:file:/C:/Users/telve/.m2/repository/com/aventstack/extentreports/4.0.9/extentreports-4.0.9.jar!/com/aventstack/extentreports/view/v3html/exception-view/v3-html-exception-view.ftl"
2024-09-02 17:19:50 DEBUG cache:45 - Couldn't find template in cache for "v3html/author-view/v3-html-author-view.ftl"("en", UTF-8, parsed); will try to load it.
2024-09-02 17:19:50 DEBUG cache:45 - TemplateLoader.findTemplateSource("v3html/author-view/v3-html-author-view_en.ftl"): Not found
2024-09-02 17:19:50 DEBUG cache:45 - TemplateLoader.findTemplateSource("v3html/author-view/v3-html-author-view.ftl"): Found
2024-09-02 17:19:50 DEBUG cache:45 - Loading template for "v3html/author-view/v3-html-author-view.ftl"("en", UTF-8, parsed) from "jar:file:/C:/Users/telve/.m2/repository/com/aventstack/extentreports/4.0.9/extentreports-4.0.9.jar!/com/aventstack/extentreports/view/v3html/author-view/v3-html-author-view.ftl"
2024-09-02 17:19:50 DEBUG cache:45 - Couldn't find template in cache for "v3html/dashboard-view/v3-html-dashboard-view.ftl"("en", UTF-8, parsed); will try to load it.
2024-09-02 17:19:50 DEBUG cache:45 - TemplateLoader.findTemplateSource("v3html/dashboard-view/v3-html-dashboard-view_en.ftl"): Not found
2024-09-02 17:19:50 DEBUG cache:45 - TemplateLoader.findTemplateSource("v3html/dashboard-view/v3-html-dashboard-view.ftl"): Found
2024-09-02 17:19:50 DEBUG cache:45 - Loading template for "v3html/dashboard-view/v3-html-dashboard-view.ftl"("en", UTF-8, parsed) from "jar:file:/C:/Users/telve/.m2/repository/com/aventstack/extentreports/4.0.9/extentreports-4.0.9.jar!/com/aventstack/extentreports/view/v3html/dashboard-view/v3-html-dashboard-view.ftl"
2024-09-02 17:19:50 DEBUG cache:45 - Couldn't find template in cache for "v3html/logs-view/v3-html-testrunner-logs-view.ftl"("en", UTF-8, parsed); will try to load it.
2024-09-02 17:19:50 DEBUG cache:45 - TemplateLoader.findTemplateSource("v3html/logs-view/v3-html-testrunner-logs-view_en.ftl"): Not found
2024-09-02 17:19:50 DEBUG cache:45 - TemplateLoader.findTemplateSource("v3html/logs-view/v3-html-testrunner-logs-view.ftl"): Found
2024-09-02 17:19:50 DEBUG cache:45 - Loading template for "v3html/logs-view/v3-html-testrunner-logs-view.ftl"("en", UTF-8, parsed) from "jar:file:/C:/Users/telve/.m2/repository/com/aventstack/extentreports/4.0.9/extentreports-4.0.9.jar!/com/aventstack/extentreports/view/v3html/logs-view/v3-html-testrunner-logs-view.ftl"
2024-09-02 17:21:07 INFO  Log:11 - ===================================== verifyLogo TEST START =========================================
2024-09-02 17:21:07 INFO  Log:22 - element:  is displayed
2024-09-02 17:21:07 INFO  Log:11 - ===================================== verifyLogo TEST START =========================================
2024-09-02 17:21:07 INFO  Log:22 - element:  is displayed
2024-09-02 17:21:08 INFO  Log:22 - clickin on: 
2024-09-02 17:21:08 INFO  Log:15 - ===================================== verifyLogo TEST END =========================================
2024-09-02 17:21:08 INFO  Log:22 - clickin on: 
2024-09-02 17:21:08 INFO  Log:15 - ===================================== verifyLogo TEST END =========================================
2024-09-02 17:21:11 INFO  Log:11 - ===================================== verifyTitle TEST START =========================================
2024-09-02 17:21:11 INFO  Log:22 - checking Title
2024-09-02 17:21:11 INFO  Log:15 - ===================================== verifyTitle TEST END =========================================
2024-09-02 17:21:11 INFO  Log:11 - ===================================== verifyTitle TEST START =========================================
2024-09-02 17:21:11 INFO  Log:22 - checking Title
2024-09-02 17:21:11 INFO  Log:15 - ===================================== verifyTitle TEST END =========================================
2024-09-02 17:21:12 INFO  Log:11 - ===================================== loginTest TEST START =========================================
2024-09-02 17:21:12 INFO  Log:22 - user is going to click on SignIn
2024-09-02 17:21:12 INFO  Log:22 - element: Sign in is displayed
2024-09-02 17:21:12 INFO  Log:22 - clickin on: Sign in
2024-09-02 17:21:12 INFO  Log:22 - Enter Username and Password
2024-09-02 17:21:24 DEBUG cache:45 - Couldn't find template in cache for "v3html/v3-html-index.ftl"("en", UTF-8, parsed); will try to load it.
2024-09-02 17:21:24 DEBUG cache:45 - TemplateLoader.findTemplateSource("v3html/v3-html-index_en.ftl"): Not found
2024-09-02 17:21:24 DEBUG cache:45 - TemplateLoader.findTemplateSource("v3html/v3-html-index.ftl"): Found
2024-09-02 17:21:24 DEBUG cache:45 - Loading template for "v3html/v3-html-index.ftl"("en", UTF-8, parsed) from "jar:file:/C:/Users/telve/.m2/repository/com/aventstack/extentreports/4.0.9/extentreports-4.0.9.jar!/com/aventstack/extentreports/view/v3html/v3-html-index.ftl"
2024-09-02 17:21:24 DEBUG cache:45 - Couldn't find template in cache for "v3html/v3-html-head.ftl"("en", UTF-8, parsed); will try to load it.
2024-09-02 17:21:24 DEBUG cache:45 - TemplateLoader.findTemplateSource("v3html/v3-html-head_en.ftl"): Not found
2024-09-02 17:21:24 DEBUG cache:45 - TemplateLoader.findTemplateSource("v3html/v3-html-head.ftl"): Found
2024-09-02 17:21:24 DEBUG cache:45 - Loading template for "v3html/v3-html-head.ftl"("en", UTF-8, parsed) from "jar:file:/C:/Users/telve/.m2/repository/com/aventstack/extentreports/4.0.9/extentreports-4.0.9.jar!/com/aventstack/extentreports/view/v3html/v3-html-head.ftl"
2024-09-02 17:21:24 DEBUG cache:45 - Couldn't find template in cache for "v3html/v3-html-nav.ftl"("en", UTF-8, parsed); will try to load it.
2024-09-02 17:21:24 DEBUG cache:45 - TemplateLoader.findTemplateSource("v3html/v3-html-nav_en.ftl"): Not found
2024-09-02 17:21:24 DEBUG cache:45 - TemplateLoader.findTemplateSource("v3html/v3-html-nav.ftl"): Found
2024-09-02 17:21:24 DEBUG cache:45 - Loading template for "v3html/v3-html-nav.ftl"("en", UTF-8, parsed) from "jar:file:/C:/Users/telve/.m2/repository/com/aventstack/extentreports/4.0.9/extentreports-4.0.9.jar!/com/aventstack/extentreports/view/v3html/v3-html-nav.ftl"
2024-09-02 17:21:24 DEBUG cache:45 - Couldn't find template in cache for "v3html/test-view/v3-html-test-view.ftl"("en", UTF-8, parsed); will try to load it.
2024-09-02 17:21:24 DEBUG cache:45 - TemplateLoader.findTemplateSource("v3html/test-view/v3-html-test-view_en.ftl"): Not found
2024-09-02 17:21:24 DEBUG cache:45 - TemplateLoader.findTemplateSource("v3html/test-view/v3-html-test-view.ftl"): Found
2024-09-02 17:21:24 DEBUG cache:45 - Loading template for "v3html/test-view/v3-html-test-view.ftl"("en", UTF-8, parsed) from "jar:file:/C:/Users/telve/.m2/repository/com/aventstack/extentreports/4.0.9/extentreports-4.0.9.jar!/com/aventstack/extentreports/view/v3html/test-view/v3-html-test-view.ftl"
2024-09-02 17:21:24 DEBUG cache:45 - Couldn't find template in cache for "v3html/test-view/v3-html-test-view-charts.ftl"("en", UTF-8, parsed); will try to load it.
2024-09-02 17:21:24 DEBUG cache:45 - TemplateLoader.findTemplateSource("v3html/test-view/v3-html-test-view-charts_en.ftl"): Not found
2024-09-02 17:21:24 DEBUG cache:45 - TemplateLoader.findTemplateSource("v3html/test-view/v3-html-test-view-charts.ftl"): Found
2024-09-02 17:21:24 DEBUG cache:45 - Loading template for "v3html/test-view/v3-html-test-view-charts.ftl"("en", UTF-8, parsed) from "jar:file:/C:/Users/telve/.m2/repository/com/aventstack/extentreports/4.0.9/extentreports-4.0.9.jar!/com/aventstack/extentreports/view/v3html/test-view/v3-html-test-view-charts.ftl"
2024-09-02 17:21:24 DEBUG cache:45 - Couldn't find template in cache for "v3html/test-view/v3-html-standard.ftl"("en", UTF-8, parsed); will try to load it.
2024-09-02 17:21:24 DEBUG cache:45 - TemplateLoader.findTemplateSource("v3html/test-view/v3-html-standard_en.ftl"): Not found
2024-09-02 17:21:24 DEBUG cache:45 - TemplateLoader.findTemplateSource("v3html/test-view/v3-html-standard.ftl"): Found
2024-09-02 17:21:24 DEBUG cache:45 - Loading template for "v3html/test-view/v3-html-standard.ftl"("en", UTF-8, parsed) from "jar:file:/C:/Users/telve/.m2/repository/com/aventstack/extentreports/4.0.9/extentreports-4.0.9.jar!/com/aventstack/extentreports/view/v3html/test-view/v3-html-standard.ftl"
2024-09-02 17:21:24 DEBUG cache:45 - "v3html/test-view/v3-html-standard.ftl"("en", UTF-8, parsed) cached copy not yet stale; using cached.
2024-09-02 17:21:24 DEBUG cache:45 - "v3html/test-view/v3-html-standard.ftl"("en", UTF-8, parsed) cached copy not yet stale; using cached.
2024-09-02 17:21:24 DEBUG cache:45 - "v3html/test-view/v3-html-standard.ftl"("en", UTF-8, parsed) cached copy not yet stale; using cached.
2024-09-02 17:21:24 DEBUG cache:45 - "v3html/test-view/v3-html-standard.ftl"("en", UTF-8, parsed) cached copy not yet stale; using cached.
2024-09-02 17:21:24 DEBUG cache:45 - Couldn't find template in cache for "v3html/category-view/v3-html-category-view.ftl"("en", UTF-8, parsed); will try to load it.
2024-09-02 17:21:24 DEBUG cache:45 - TemplateLoader.findTemplateSource("v3html/category-view/v3-html-category-view_en.ftl"): Not found
2024-09-02 17:21:24 DEBUG cache:45 - TemplateLoader.findTemplateSource("v3html/category-view/v3-html-category-view.ftl"): Found
2024-09-02 17:21:24 DEBUG cache:45 - Loading template for "v3html/category-view/v3-html-category-view.ftl"("en", UTF-8, parsed) from "jar:file:/C:/Users/telve/.m2/repository/com/aventstack/extentreports/4.0.9/extentreports-4.0.9.jar!/com/aventstack/extentreports/view/v3html/category-view/v3-html-category-view.ftl"
2024-09-02 17:21:24 DEBUG cache:45 - Couldn't find template in cache for "v3html/exception-view/v3-html-exception-view.ftl"("en", UTF-8, parsed); will try to load it.
2024-09-02 17:21:24 DEBUG cache:45 - TemplateLoader.findTemplateSource("v3html/exception-view/v3-html-exception-view_en.ftl"): Not found
2024-09-02 17:21:24 DEBUG cache:45 - TemplateLoader.findTemplateSource("v3html/exception-view/v3-html-exception-view.ftl"): Found
2024-09-02 17:21:24 DEBUG cache:45 - Loading template for "v3html/exception-view/v3-html-exception-view.ftl"("en", UTF-8, parsed) from "jar:file:/C:/Users/telve/.m2/repository/com/aventstack/extentreports/4.0.9/extentreports-4.0.9.jar!/com/aventstack/extentreports/view/v3html/exception-view/v3-html-exception-view.ftl"
2024-09-02 17:21:24 DEBUG cache:45 - Couldn't find template in cache for "v3html/author-view/v3-html-author-view.ftl"("en", UTF-8, parsed); will try to load it.
2024-09-02 17:21:24 DEBUG cache:45 - TemplateLoader.findTemplateSource("v3html/author-view/v3-html-author-view_en.ftl"): Not found
2024-09-02 17:21:24 DEBUG cache:45 - TemplateLoader.findTemplateSource("v3html/author-view/v3-html-author-view.ftl"): Found
2024-09-02 17:21:24 DEBUG cache:45 - Loading template for "v3html/author-view/v3-html-author-view.ftl"("en", UTF-8, parsed) from "jar:file:/C:/Users/telve/.m2/repository/com/aventstack/extentreports/4.0.9/extentreports-4.0.9.jar!/com/aventstack/extentreports/view/v3html/author-view/v3-html-author-view.ftl"
2024-09-02 17:21:24 DEBUG cache:45 - Couldn't find template in cache for "v3html/dashboard-view/v3-html-dashboard-view.ftl"("en", UTF-8, parsed); will try to load it.
2024-09-02 17:21:24 DEBUG cache:45 - TemplateLoader.findTemplateSource("v3html/dashboard-view/v3-html-dashboard-view_en.ftl"): Not found
2024-09-02 17:21:24 DEBUG cache:45 - TemplateLoader.findTemplateSource("v3html/dashboard-view/v3-html-dashboard-view.ftl"): Found
2024-09-02 17:21:24 DEBUG cache:45 - Loading template for "v3html/dashboard-view/v3-html-dashboard-view.ftl"("en", UTF-8, parsed) from "jar:file:/C:/Users/telve/.m2/repository/com/aventstack/extentreports/4.0.9/extentreports-4.0.9.jar!/com/aventstack/extentreports/view/v3html/dashboard-view/v3-html-dashboard-view.ftl"
2024-09-02 17:21:24 DEBUG cache:45 - Couldn't find template in cache for "v3html/logs-view/v3-html-testrunner-logs-view.ftl"("en", UTF-8, parsed); will try to load it.
2024-09-02 17:21:24 DEBUG cache:45 - TemplateLoader.findTemplateSource("v3html/logs-view/v3-html-testrunner-logs-view_en.ftl"): Not found
2024-09-02 17:21:24 DEBUG cache:45 - TemplateLoader.findTemplateSource("v3html/logs-view/v3-html-testrunner-logs-view.ftl"): Found
2024-09-02 17:21:24 DEBUG cache:45 - Loading template for "v3html/logs-view/v3-html-testrunner-logs-view.ftl"("en", UTF-8, parsed) from "jar:file:/C:/Users/telve/.m2/repository/com/aventstack/extentreports/4.0.9/extentreports-4.0.9.jar!/com/aventstack/extentreports/view/v3html/logs-view/v3-html-testrunner-logs-view.ftl"
2024-09-02 17:24:41 INFO  Log:11 - ===================================== verifyLogo TEST START =========================================
2024-09-02 17:24:41 INFO  Log:11 - ===================================== verifyLogo TEST START =========================================
2024-09-02 17:24:41 INFO  Log:22 - element:  is displayed
2024-09-02 17:24:41 INFO  Log:22 - element:  is displayed
2024-09-02 17:24:42 INFO  Log:22 - clickin on: 
2024-09-02 17:24:42 INFO  Log:15 - ===================================== verifyLogo TEST END =========================================
2024-09-02 17:24:42 INFO  Log:22 - clickin on: 
2024-09-02 17:24:42 INFO  Log:15 - ===================================== verifyLogo TEST END =========================================
2024-09-02 17:24:45 INFO  Log:11 - ===================================== loginTest TEST START =========================================
2024-09-02 17:24:45 INFO  Log:22 - user is going to click on SignIn
2024-09-02 17:24:45 INFO  Log:22 - element: Sign in is displayed
2024-09-02 17:24:45 INFO  Log:22 - clickin on: Sign in
2024-09-02 17:24:45 INFO  Log:22 - Enter Username and Password
2024-09-02 17:24:46 INFO  Log:11 - ===================================== verifyTitle TEST START =========================================
2024-09-02 17:24:46 INFO  Log:22 - checking Title
2024-09-02 17:24:46 INFO  Log:15 - ===================================== verifyTitle TEST END =========================================
2024-09-02 17:24:46 INFO  Log:11 - ===================================== verifyTitle TEST START =========================================
2024-09-02 17:24:46 INFO  Log:22 - checking Title
2024-09-02 17:24:46 INFO  Log:15 - ===================================== verifyTitle TEST END =========================================
2024-09-02 17:24:56 DEBUG cache:45 - Couldn't find template in cache for "v3html/v3-html-index.ftl"("en", UTF-8, parsed); will try to load it.
2024-09-02 17:24:56 DEBUG cache:45 - TemplateLoader.findTemplateSource("v3html/v3-html-index_en.ftl"): Not found
2024-09-02 17:24:56 DEBUG cache:45 - TemplateLoader.findTemplateSource("v3html/v3-html-index.ftl"): Found
2024-09-02 17:24:56 DEBUG cache:45 - Loading template for "v3html/v3-html-index.ftl"("en", UTF-8, parsed) from "jar:file:/C:/Users/telve/.m2/repository/com/aventstack/extentreports/4.0.9/extentreports-4.0.9.jar!/com/aventstack/extentreports/view/v3html/v3-html-index.ftl"
2024-09-02 17:24:56 DEBUG cache:45 - Couldn't find template in cache for "v3html/v3-html-head.ftl"("en", UTF-8, parsed); will try to load it.
2024-09-02 17:24:56 DEBUG cache:45 - TemplateLoader.findTemplateSource("v3html/v3-html-head_en.ftl"): Not found
2024-09-02 17:24:56 DEBUG cache:45 - TemplateLoader.findTemplateSource("v3html/v3-html-head.ftl"): Found
2024-09-02 17:24:56 DEBUG cache:45 - Loading template for "v3html/v3-html-head.ftl"("en", UTF-8, parsed) from "jar:file:/C:/Users/telve/.m2/repository/com/aventstack/extentreports/4.0.9/extentreports-4.0.9.jar!/com/aventstack/extentreports/view/v3html/v3-html-head.ftl"
2024-09-02 17:24:56 DEBUG cache:45 - Couldn't find template in cache for "v3html/v3-html-nav.ftl"("en", UTF-8, parsed); will try to load it.
2024-09-02 17:24:56 DEBUG cache:45 - TemplateLoader.findTemplateSource("v3html/v3-html-nav_en.ftl"): Not found
2024-09-02 17:24:56 DEBUG cache:45 - TemplateLoader.findTemplateSource("v3html/v3-html-nav.ftl"): Found
2024-09-02 17:24:56 DEBUG cache:45 - Loading template for "v3html/v3-html-nav.ftl"("en", UTF-8, parsed) from "jar:file:/C:/Users/telve/.m2/repository/com/aventstack/extentreports/4.0.9/extentreports-4.0.9.jar!/com/aventstack/extentreports/view/v3html/v3-html-nav.ftl"
2024-09-02 17:24:56 DEBUG cache:45 - Couldn't find template in cache for "v3html/test-view/v3-html-test-view.ftl"("en", UTF-8, parsed); will try to load it.
2024-09-02 17:24:56 DEBUG cache:45 - TemplateLoader.findTemplateSource("v3html/test-view/v3-html-test-view_en.ftl"): Not found
2024-09-02 17:24:56 DEBUG cache:45 - TemplateLoader.findTemplateSource("v3html/test-view/v3-html-test-view.ftl"): Found
2024-09-02 17:24:56 DEBUG cache:45 - Loading template for "v3html/test-view/v3-html-test-view.ftl"("en", UTF-8, parsed) from "jar:file:/C:/Users/telve/.m2/repository/com/aventstack/extentreports/4.0.9/extentreports-4.0.9.jar!/com/aventstack/extentreports/view/v3html/test-view/v3-html-test-view.ftl"
2024-09-02 17:24:56 DEBUG cache:45 - Couldn't find template in cache for "v3html/test-view/v3-html-test-view-charts.ftl"("en", UTF-8, parsed); will try to load it.
2024-09-02 17:24:56 DEBUG cache:45 - TemplateLoader.findTemplateSource("v3html/test-view/v3-html-test-view-charts_en.ftl"): Not found
2024-09-02 17:24:56 DEBUG cache:45 - TemplateLoader.findTemplateSource("v3html/test-view/v3-html-test-view-charts.ftl"): Found
2024-09-02 17:24:56 DEBUG cache:45 - Loading template for "v3html/test-view/v3-html-test-view-charts.ftl"("en", UTF-8, parsed) from "jar:file:/C:/Users/telve/.m2/repository/com/aventstack/extentreports/4.0.9/extentreports-4.0.9.jar!/com/aventstack/extentreports/view/v3html/test-view/v3-html-test-view-charts.ftl"
2024-09-02 17:24:56 DEBUG cache:45 - Couldn't find template in cache for "v3html/test-view/v3-html-standard.ftl"("en", UTF-8, parsed); will try to load it.
2024-09-02 17:24:56 DEBUG cache:45 - TemplateLoader.findTemplateSource("v3html/test-view/v3-html-standard_en.ftl"): Not found
2024-09-02 17:24:56 DEBUG cache:45 - TemplateLoader.findTemplateSource("v3html/test-view/v3-html-standard.ftl"): Found
2024-09-02 17:24:56 DEBUG cache:45 - Loading template for "v3html/test-view/v3-html-standard.ftl"("en", UTF-8, parsed) from "jar:file:/C:/Users/telve/.m2/repository/com/aventstack/extentreports/4.0.9/extentreports-4.0.9.jar!/com/aventstack/extentreports/view/v3html/test-view/v3-html-standard.ftl"
2024-09-02 17:24:56 DEBUG cache:45 - "v3html/test-view/v3-html-standard.ftl"("en", UTF-8, parsed) cached copy not yet stale; using cached.
2024-09-02 17:24:56 DEBUG cache:45 - "v3html/test-view/v3-html-standard.ftl"("en", UTF-8, parsed) cached copy not yet stale; using cached.
2024-09-02 17:24:56 DEBUG cache:45 - "v3html/test-view/v3-html-standard.ftl"("en", UTF-8, parsed) cached copy not yet stale; using cached.
2024-09-02 17:24:56 DEBUG cache:45 - "v3html/test-view/v3-html-standard.ftl"("en", UTF-8, parsed) cached copy not yet stale; using cached.
2024-09-02 17:24:56 DEBUG cache:45 - Couldn't find template in cache for "v3html/category-view/v3-html-category-view.ftl"("en", UTF-8, parsed); will try to load it.
2024-09-02 17:24:56 DEBUG cache:45 - TemplateLoader.findTemplateSource("v3html/category-view/v3-html-category-view_en.ftl"): Not found
2024-09-02 17:24:56 DEBUG cache:45 - TemplateLoader.findTemplateSource("v3html/category-view/v3-html-category-view.ftl"): Found
2024-09-02 17:24:56 DEBUG cache:45 - Loading template for "v3html/category-view/v3-html-category-view.ftl"("en", UTF-8, parsed) from "jar:file:/C:/Users/telve/.m2/repository/com/aventstack/extentreports/4.0.9/extentreports-4.0.9.jar!/com/aventstack/extentreports/view/v3html/category-view/v3-html-category-view.ftl"
2024-09-02 17:24:56 DEBUG cache:45 - Couldn't find template in cache for "v3html/exception-view/v3-html-exception-view.ftl"("en", UTF-8, parsed); will try to load it.
2024-09-02 17:24:56 DEBUG cache:45 - TemplateLoader.findTemplateSource("v3html/exception-view/v3-html-exception-view_en.ftl"): Not found
2024-09-02 17:24:56 DEBUG cache:45 - TemplateLoader.findTemplateSource("v3html/exception-view/v3-html-exception-view.ftl"): Found
2024-09-02 17:24:56 DEBUG cache:45 - Loading template for "v3html/exception-view/v3-html-exception-view.ftl"("en", UTF-8, parsed) from "jar:file:/C:/Users/telve/.m2/repository/com/aventstack/extentreports/4.0.9/extentreports-4.0.9.jar!/com/aventstack/extentreports/view/v3html/exception-view/v3-html-exception-view.ftl"
2024-09-02 17:24:56 DEBUG cache:45 - Couldn't find template in cache for "v3html/author-view/v3-html-author-view.ftl"("en", UTF-8, parsed); will try to load it.
2024-09-02 17:24:56 DEBUG cache:45 - TemplateLoader.findTemplateSource("v3html/author-view/v3-html-author-view_en.ftl"): Not found
2024-09-02 17:24:56 DEBUG cache:45 - TemplateLoader.findTemplateSource("v3html/author-view/v3-html-author-view.ftl"): Found
2024-09-02 17:24:56 DEBUG cache:45 - Loading template for "v3html/author-view/v3-html-author-view.ftl"("en", UTF-8, parsed) from "jar:file:/C:/Users/telve/.m2/repository/com/aventstack/extentreports/4.0.9/extentreports-4.0.9.jar!/com/aventstack/extentreports/view/v3html/author-view/v3-html-author-view.ftl"
2024-09-02 17:24:56 DEBUG cache:45 - Couldn't find template in cache for "v3html/dashboard-view/v3-html-dashboard-view.ftl"("en", UTF-8, parsed); will try to load it.
2024-09-02 17:24:56 DEBUG cache:45 - TemplateLoader.findTemplateSource("v3html/dashboard-view/v3-html-dashboard-view_en.ftl"): Not found
2024-09-02 17:24:56 DEBUG cache:45 - TemplateLoader.findTemplateSource("v3html/dashboard-view/v3-html-dashboard-view.ftl"): Found
2024-09-02 17:24:56 DEBUG cache:45 - Loading template for "v3html/dashboard-view/v3-html-dashboard-view.ftl"("en", UTF-8, parsed) from "jar:file:/C:/Users/telve/.m2/repository/com/aventstack/extentreports/4.0.9/extentreports-4.0.9.jar!/com/aventstack/extentreports/view/v3html/dashboard-view/v3-html-dashboard-view.ftl"
2024-09-02 17:24:56 DEBUG cache:45 - Couldn't find template in cache for "v3html/logs-view/v3-html-testrunner-logs-view.ftl"("en", UTF-8, parsed); will try to load it.
2024-09-02 17:24:56 DEBUG cache:45 - TemplateLoader.findTemplateSource("v3html/logs-view/v3-html-testrunner-logs-view_en.ftl"): Not found
2024-09-02 17:24:56 DEBUG cache:45 - TemplateLoader.findTemplateSource("v3html/logs-view/v3-html-testrunner-logs-view.ftl"): Found
2024-09-02 17:24:56 DEBUG cache:45 - Loading template for "v3html/logs-view/v3-html-testrunner-logs-view.ftl"("en", UTF-8, parsed) from "jar:file:/C:/Users/telve/.m2/repository/com/aventstack/extentreports/4.0.9/extentreports-4.0.9.jar!/com/aventstack/extentreports/view/v3html/logs-view/v3-html-testrunner-logs-view.ftl"
